<?xml version="1.0" encoding="UTF-8"?>
<!-- Generated by org.testng.reporters.JUnitXMLReporter -->
<testsuite ignored="0" hostname="aasishm" failures="0" tests="7" name="Command line test" time="48.738" errors="0" timestamp="2024-10-01T20:48:47 IST">
  <testcase classname="test.AppTest" name="verifyLoginPageNavigation" time="4.53"/>
  <testcase classname="test.AppTest" name="verifyLoginPageTitle" time="0.011"/>
  <testcase classname="test.AppTest" name="verifyEmailFieldIsPresent" time="0.05"/>
  <testcase classname="test.AppTest" name="verifyPasswordFieldIsPresent" time="0.043"/>
  <testcase classname="test.AppTest" name="switchBackToMainTab" time="0.036"/>
  <testcase classname="test.AppTest" name="getAllLinks" time="0.043"/>
  <testcase classname="test.AppTest" name="verifyAPIStatusCodes" time="42.479"/>
</testsuite> <!-- Command line test -->
