<?xml version="1.0" encoding="UTF-8"?>
<!-- Generated by org.testng.reporters.JUnitXMLReporter -->
<testsuite ignored="0" hostname="aasishm" failures="0" tests="7" name="Command line test" time="44.087" errors="0" timestamp="2024-10-01T22:18:25 IST">
  <testcase classname="test.AppTest" name="verifyLoginPageNavigation" time="7.993"/>
  <testcase classname="test.AppTest" name="verifyLoginPageTitle" time="0.008"/>
  <testcase classname="test.AppTest" name="verifyEmailFieldIsPresent" time="0.037"/>
  <testcase classname="test.AppTest" name="verifyPasswordFieldIsPresent" time="0.045"/>
  <testcase classname="test.AppTest" name="switchBackToMainTab" time="0.045"/>
  <testcase classname="test.AppTest" name="getAllLinks" time="0.045"/>
  <testcase classname="test.AppTest" name="verifyAPIStatusCodes" time="33.692"/>
</testsuite> <!-- Command line test -->
