<?xml version="1.0" encoding="UTF-8"?>
<testng-results ignored="0" total="7" passed="7" failed="0" skipped="0">
  <reporter-output>
  </reporter-output>
  <suite started-at="2024-10-01T20:47:59 IST" name="Command line suite" finished-at="2024-10-01T20:48:47 IST" duration-ms="48738">
    <groups>
    </groups>
    <test started-at="2024-10-01T20:47:59 IST" name="Command line test" finished-at="2024-10-01T20:48:47 IST" duration-ms="48738">
      <class name="test.AppTest">
        <test-method is-config="true" signature="setup()[pri:0, instance:test.AppTest@2fd66ad3]" started-at="2024-10-01T20:47:46 IST" name="setup" finished-at="2024-10-01T20:47:59 IST" duration-ms="12820" status="PASS">
          <reporter-output>
          </reporter-output>
        </test-method> <!-- setup -->
        <test-method signature="verifyLoginPageNavigation()[pri:1, instance:test.AppTest@2fd66ad3]" started-at="2024-10-01T20:47:59 IST" name="verifyLoginPageNavigation" description="This test clicks on Login button and navigates to Login Page" finished-at="2024-10-01T20:48:03 IST" duration-ms="4530" status="PASS">
          <reporter-output>
          </reporter-output>
        </test-method> <!-- verifyLoginPageNavigation -->
        <test-method is-config="true" signature="getResult(org.testng.ITestResult)[pri:0, instance:test.AppTest@2fd66ad3]" started-at="2024-10-01T20:48:03 IST" name="getResult" finished-at="2024-10-01T20:48:04 IST" duration-ms="320" status="PASS">
          <params>
            <param index="0">
              <value>
                <![CDATA[[TestResult name=verifyLoginPageNavigation status=SUCCESS method=AppTest.verifyLoginPageNavigation()[pri:1, instance:test.AppTest@2fd66ad3] output={null}]]]>
              </value>
            </param>
          </params>
          <reporter-output>
          </reporter-output>
        </test-method> <!-- getResult -->
        <test-method signature="verifyLoginPageTitle()[pri:2, instance:test.AppTest@2fd66ad3]" started-at="2024-10-01T20:48:04 IST" name="verifyLoginPageTitle" description="This test checks if the title of the login page says &#039;Login&#039;." finished-at="2024-10-01T20:48:04 IST" duration-ms="11" status="PASS">
          <reporter-output>
          </reporter-output>
        </test-method> <!-- verifyLoginPageTitle -->
        <test-method is-config="true" signature="getResult(org.testng.ITestResult)[pri:0, instance:test.AppTest@2fd66ad3]" started-at="2024-10-01T20:48:04 IST" name="getResult" finished-at="2024-10-01T20:48:04 IST" duration-ms="141" status="PASS">
          <params>
            <param index="0">
              <value>
                <![CDATA[[TestResult name=verifyLoginPageTitle status=SUCCESS method=AppTest.verifyLoginPageTitle()[pri:2, instance:test.AppTest@2fd66ad3] output={null}]]]>
              </value>
            </param>
          </params>
          <reporter-output>
          </reporter-output>
        </test-method> <!-- getResult -->
        <test-method signature="verifyEmailFieldIsPresent()[pri:3, instance:test.AppTest@2fd66ad3]" started-at="2024-10-01T20:48:04 IST" name="verifyEmailFieldIsPresent" description="Check if email input field is present" finished-at="2024-10-01T20:48:04 IST" duration-ms="50" status="PASS">
          <reporter-output>
          </reporter-output>
        </test-method> <!-- verifyEmailFieldIsPresent -->
        <test-method is-config="true" signature="getResult(org.testng.ITestResult)[pri:0, instance:test.AppTest@2fd66ad3]" started-at="2024-10-01T20:48:04 IST" name="getResult" finished-at="2024-10-01T20:48:04 IST" duration-ms="165" status="PASS">
          <params>
            <param index="0">
              <value>
                <![CDATA[[TestResult name=verifyEmailFieldIsPresent status=SUCCESS method=AppTest.verifyEmailFieldIsPresent()[pri:3, instance:test.AppTest@2fd66ad3] output={null}]]]>
              </value>
            </param>
          </params>
          <reporter-output>
          </reporter-output>
        </test-method> <!-- getResult -->
        <test-method signature="verifyPasswordFieldIsPresent()[pri:4, instance:test.AppTest@2fd66ad3]" started-at="2024-10-01T20:48:04 IST" name="verifyPasswordFieldIsPresent" description="Check if password input fields is present" finished-at="2024-10-01T20:48:04 IST" duration-ms="43" status="PASS">
          <reporter-output>
          </reporter-output>
        </test-method> <!-- verifyPasswordFieldIsPresent -->
        <test-method is-config="true" signature="getResult(org.testng.ITestResult)[pri:0, instance:test.AppTest@2fd66ad3]" started-at="2024-10-01T20:48:04 IST" name="getResult" finished-at="2024-10-01T20:48:04 IST" duration-ms="150" status="PASS">
          <params>
            <param index="0">
              <value>
                <![CDATA[[TestResult name=verifyPasswordFieldIsPresent status=SUCCESS method=AppTest.verifyPasswordFieldIsPresent()[pri:4, instance:test.AppTest@2fd66ad3] output={null}]]]>
              </value>
            </param>
          </params>
          <reporter-output>
          </reporter-output>
        </test-method> <!-- getResult -->
        <test-method signature="switchBackToMainTab()[pri:5, instance:test.AppTest@2fd66ad3]" started-at="2024-10-01T20:48:04 IST" name="switchBackToMainTab" description="Switch back to main demo tab and verify the same" finished-at="2024-10-01T20:48:04 IST" duration-ms="36" status="PASS">
          <reporter-output>
          </reporter-output>
        </test-method> <!-- switchBackToMainTab -->
        <test-method is-config="true" signature="getResult(org.testng.ITestResult)[pri:0, instance:test.AppTest@2fd66ad3]" started-at="2024-10-01T20:48:04 IST" name="getResult" finished-at="2024-10-01T20:48:04 IST" duration-ms="243" status="PASS">
          <params>
            <param index="0">
              <value>
                <![CDATA[[TestResult name=switchBackToMainTab status=SUCCESS method=AppTest.switchBackToMainTab()[pri:5, instance:test.AppTest@2fd66ad3] output={null}]]]>
              </value>
            </param>
          </params>
          <reporter-output>
          </reporter-output>
        </test-method> <!-- getResult -->
        <test-method signature="getAllLinks()[pri:6, instance:test.AppTest@2fd66ad3]" started-at="2024-10-01T20:48:04 IST" name="getAllLinks" description="Get list of links in the webpage" finished-at="2024-10-01T20:48:05 IST" duration-ms="43" status="PASS">
          <reporter-output>
          </reporter-output>
        </test-method> <!-- getAllLinks -->
        <test-method is-config="true" signature="getResult(org.testng.ITestResult)[pri:0, instance:test.AppTest@2fd66ad3]" started-at="2024-10-01T20:48:05 IST" name="getResult" finished-at="2024-10-01T20:48:05 IST" duration-ms="248" status="PASS">
          <params>
            <param index="0">
              <value>
                <![CDATA[[TestResult name=getAllLinks status=SUCCESS method=AppTest.getAllLinks()[pri:6, instance:test.AppTest@2fd66ad3] output={null}]]]>
              </value>
            </param>
          </params>
          <reporter-output>
          </reporter-output>
        </test-method> <!-- getResult -->
        <test-method signature="verifyAPIStatusCodes()[pri:7, instance:test.AppTest@2fd66ad3]" started-at="2024-10-01T20:48:05 IST" name="verifyAPIStatusCodes" description="Make API requests to the links and verify status codes" finished-at="2024-10-01T20:48:47 IST" duration-ms="42479" status="PASS">
          <reporter-output>
          </reporter-output>
        </test-method> <!-- verifyAPIStatusCodes -->
        <test-method is-config="true" signature="getResult(org.testng.ITestResult)[pri:0, instance:test.AppTest@2fd66ad3]" started-at="2024-10-01T20:48:47 IST" name="getResult" finished-at="2024-10-01T20:48:47 IST" duration-ms="242" status="PASS">
          <params>
            <param index="0">
              <value>
                <![CDATA[[TestResult name=verifyAPIStatusCodes status=SUCCESS method=AppTest.verifyAPIStatusCodes()[pri:7, instance:test.AppTest@2fd66ad3] output={null}]]]>
              </value>
            </param>
          </params>
          <reporter-output>
          </reporter-output>
        </test-method> <!-- getResult -->
        <test-method is-config="true" signature="tearDown()[pri:0, instance:test.AppTest@2fd66ad3]" started-at="2024-10-01T20:48:47 IST" name="tearDown" finished-at="2024-10-01T20:48:48 IST" duration-ms="86" status="PASS">
          <reporter-output>
          </reporter-output>
        </test-method> <!-- tearDown -->
      </class> <!-- test.AppTest -->
    </test> <!-- Command line test -->
  </suite> <!-- Command line suite -->
</testng-results>
